{
  "RSpec": {
    "coverage": {
      "/Users/mattweiss/turing/mod3/projects/rails_engine/config/environment.rb": [
        null,
        1,
        null,
        null,
        1
      ],
      "/Users/mattweiss/turing/mod3/projects/rails_engine/config/application.rb": [
        1,
        null,
        1,
        null,
        1,
        1,
        1,
        1,
        1,
        1,
        1,
        null,
        null,
        null,
        null,
        null,
        1,
        null,
        1,
        1,
        null,
        1,
        null,
        null,
        null,
        null,
        null,
        null,
        null,
        null,
        1,
        null,
        null
      ],
      "/Users/mattweiss/turing/mod3/projects/rails_engine/config/boot.rb": [
        1,
        null,
        1
      ],
      "/Users/mattweiss/turing/mod3/projects/rails_engine/config/environments/test.rb": [
        1,
        null,
        null,
        null,
        null,
        null,
        null,
        1,
        null,
        null,
        null,
        null,
        1,
        null,
        null,
        1,
        1,
        null,
        null,
        null,
        null,
        1,
        1,
        null,
        null,
        1,
        null,
        null,
        1,
        1,
        null,
        null,
        null,
        null,
        1,
        null,
        null,
        1,
        null,
        null,
        null,
        null
      ],
      "/Users/mattweiss/turing/mod3/projects/rails_engine/config/initializers/application_controller_renderer.rb": [
        null,
        null,
        null,
        null,
        null,
        null,
        null,
        null
      ],
      "/Users/mattweiss/turing/mod3/projects/rails_engine/config/initializers/backtrace_silencers.rb": [
        null,
        null,
        null,
        null,
        null,
        null,
        null
      ],
      "/Users/mattweiss/turing/mod3/projects/rails_engine/config/initializers/cors.rb": [
        null,
        null,
        null,
        null,
        null,
        null,
        null,
        null,
        null,
        null,
        null,
        null,
        null,
        null,
        null,
        null
      ],
      "/Users/mattweiss/turing/mod3/projects/rails_engine/config/initializers/filter_parameter_logging.rb": [
        null,
        null,
        null,
        1
      ],
      "/Users/mattweiss/turing/mod3/projects/rails_engine/config/initializers/inflections.rb": [
        null,
        null,
        null,
        null,
        null,
        null,
        null,
        null,
        null,
        null,
        null,
        null,
        null,
        null,
        null,
        null
      ],
      "/Users/mattweiss/turing/mod3/projects/rails_engine/config/initializers/mime_types.rb": [
        null,
        null,
        null,
        null
      ],
      "/Users/mattweiss/turing/mod3/projects/rails_engine/config/initializers/wrap_parameters.rb": [
        null,
        null,
        null,
        null,
        null,
        null,
        1,
        2,
        null,
        null,
        null,
        null,
        null,
        null
      ],
      "/Users/mattweiss/turing/mod3/projects/rails_engine/spec/factories/customers.rb": [
        1,
        1,
        1,
        30,
        null,
        1,
        30,
        null,
        1,
        30,
        null,
        null,
        null
      ],
      "/Users/mattweiss/turing/mod3/projects/rails_engine/spec/factories/invoice_items.rb": [
        1,
        1,
        1,
        1,
        5,
        5,
        null,
        null
      ],
      "/Users/mattweiss/turing/mod3/projects/rails_engine/spec/factories/invoices.rb": [
        1,
        1,
        1,
        1,
        42,
        null,
        null
      ],
      "/Users/mattweiss/turing/mod3/projects/rails_engine/spec/factories/items.rb": [
        1,
        1,
        40,
        40,
        40,
        1,
        null,
        null
      ],
      "/Users/mattweiss/turing/mod3/projects/rails_engine/spec/factories/merchants.rb": [
        1,
        1,
        1,
        21,
        null,
        1,
        54,
        null,
        null,
        null
      ],
      "/Users/mattweiss/turing/mod3/projects/rails_engine/spec/factories/transactions.rb": [
        1,
        1,
        1,
        27,
        27,
        5,
        null,
        null
      ],
      "/Users/mattweiss/turing/mod3/projects/rails_engine/config/routes.rb": [
        1,
        null,
        1,
        1,
        null,
        1,
        1,
        1,
        1,
        1,
        1,
        null,
        null,
        1,
        1,
        1,
        null,
        null,
        1,
        1,
        1,
        1,
        1,
        null,
        null,
        1,
        1,
        1,
        null,
        null,
        1,
        1,
        1,
        null,
        null,
        1,
        1,
        1,
        null,
        null,
        null,
        1,
        1,
        1,
        1,
        1,
        1,
        null,
        null,
        1,
        1,
        1,
        1,
        1,
        1,
        null,
        null,
        1,
        2,
        2,
        2,
        null,
        null,
        1,
        1,
        1,
        1,
        null,
        null,
        1,
        1,
        1,
        1,
        1,
        1,
        null,
        null,
        1,
        1,
        null,
        null,
        1,
        1,
        1,
        null,
        null,
        null,
        null
      ],
      "/Users/mattweiss/turing/mod3/projects/rails_engine/app/models/customer.rb": [
        1,
        1,
        1,
        null,
        1,
        null,
        null,
        null,
        null,
        null,
        null,
        1,
        null,
        null,
        1,
        1,
        null,
        null
      ],
      "/Users/mattweiss/turing/mod3/projects/rails_engine/app/models/application_record.rb": [
        1,
        1,
        null
      ],
      "/Users/mattweiss/turing/mod3/projects/rails_engine/spec/models/invoice_item_spec.rb": [
        1,
        null,
        1,
        1,
        2,
        2,
        null,
        null
      ],
      "/Users/mattweiss/turing/mod3/projects/rails_engine/app/models/invoice_item.rb": [
        1,
        1,
        1,
        40,
        null,
        null
      ],
      "/Users/mattweiss/turing/mod3/projects/rails_engine/spec/models/invoice_spec.rb": [
        1,
        null,
        1,
        1,
        2,
        2,
        2,
        2,
        null,
        null,
        1,
        1,
        3,
        3,
        3,
        3,
        3,
        3,
        3,
        3,
        3,
        3,
        3,
        3,
        3,
        3,
        null,
        null,
        1,
        1,
        1,
        null,
        null,
        null,
        null,
        1,
        1,
        1,
        null,
        null,
        1,
        1,
        1,
        null,
        null,
        null
      ],
      "/Users/mattweiss/turing/mod3/projects/rails_engine/app/models/invoice.rb": [
        1,
        1,
        1,
        1,
        1,
        1,
        null,
        1,
        1,
        1,
        null,
        null,
        null,
        null,
        1,
        null,
        null,
        1,
        null,
        null,
        null,
        1,
        null,
        null,
        1,
        1,
        1,
        null,
        null,
        null,
        null,
        null,
        1,
        null,
        null,
        null
      ],
      "/Users/mattweiss/turing/mod3/projects/rails_engine/spec/models/item_spec.rb": [
        1,
        null,
        1,
        1,
        2,
        2,
        null,
        null,
        1,
        1,
        3,
        3,
        3,
        3,
        3,
        3,
        3,
        3,
        3,
        3,
        3,
        3,
        3,
        3,
        null,
        null,
        1,
        1,
        1,
        1,
        null,
        null,
        1,
        1,
        null,
        1,
        1,
        null,
        null,
        1,
        1,
        1,
        null,
        null,
        null,
        null
      ],
      "/Users/mattweiss/turing/mod3/projects/rails_engine/app/models/item.rb": [
        1,
        1,
        1,
        null,
        44,
        null,
        1,
        1,
        null,
        null,
        1,
        1,
        null,
        null,
        1,
        1,
        null,
        null
      ],
      "/Users/mattweiss/turing/mod3/projects/rails_engine/spec/models/merchant_spec.rb": [
        1,
        null,
        1,
        1,
        2,
        2,
        null,
        null,
        1,
        1,
        3,
        3,
        3,
        3,
        3,
        3,
        3,
        3,
        3,
        3,
        3,
        3,
        3,
        3,
        null,
        null,
        1,
        1,
        1,
        1,
        null,
        null,
        1,
        1,
        1,
        1,
        null,
        null,
        1,
        1,
        1,
        null,
        null,
        null,
        null
      ],
      "/Users/mattweiss/turing/mod3/projects/rails_engine/app/models/merchant.rb": [
        1,
        1,
        1,
        null,
        1,
        null,
        null,
        null,
        null,
        null,
        2,
        null,
        null,
        1,
        null,
        null,
        null,
        null,
        null,
        1,
        null,
        null,
        1,
        null,
        null,
        null,
        null,
        null,
        null,
        1,
        null,
        null,
        null
      ],
      "/Users/mattweiss/turing/mod3/projects/rails_engine/spec/models/transaction_spec.rb": [
        1,
        null,
        1,
        1,
        2,
        null,
        null
      ],
      "/Users/mattweiss/turing/mod3/projects/rails_engine/app/models/transaction.rb": [
        1,
        1,
        39,
        null
      ],
      "/Users/mattweiss/turing/mod3/projects/rails_engine/spec/requests/api/v1/customers/customers_finder_spec.rb": [
        1,
        null,
        1,
        1,
        1,
        1,
        null,
        1,
        null,
        1,
        null,
        1,
        1,
        null,
        null,
        1,
        1,
        1,
        1,
        null,
        1,
        null,
        1,
        1,
        null,
        null,
        1,
        1,
        1,
        1,
        null,
        1,
        null,
        1,
        1,
        null,
        null,
        1,
        1,
        null,
        null,
        null,
        1,
        null,
        null,
        null,
        1,
        null,
        null,
        null,
        1,
        null,
        1,
        null,
        1,
        1,
        null,
        null,
        null,
        null,
        null
      ],
      "/Users/mattweiss/turing/mod3/projects/rails_engine/spec/requests/api/v1/customers/customers_request_spec.rb": [
        1,
        null,
        1,
        1,
        1,
        null,
        1,
        null,
        1,
        1,
        null,
        1,
        null,
        null,
        1,
        1,
        null,
        1,
        null,
        1,
        null,
        1,
        1,
        null,
        null
      ],
      "/Users/mattweiss/turing/mod3/projects/rails_engine/spec/requests/api/v1/invoice_items/invoice_items_request_spec.rb": [
        1,
        null,
        1,
        1,
        1,
        1,
        1,
        1,
        1,
        null,
        1,
        null,
        1,
        1,
        null,
        1,
        null,
        null,
        1,
        1,
        1,
        1,
        1,
        1,
        null,
        1,
        null,
        1,
        null,
        1,
        1,
        null,
        null
      ],
      "/Users/mattweiss/turing/mod3/projects/rails_engine/spec/requests/api/v1/invoices/invoices_request_spec.rb": [
        1,
        null,
        1,
        1,
        1,
        1,
        1,
        null,
        1,
        null,
        1,
        1,
        null,
        1,
        null,
        null,
        1,
        1,
        1,
        1,
        null,
        1,
        null,
        1,
        null,
        1,
        1,
        null,
        null
      ],
      "/Users/mattweiss/turing/mod3/projects/rails_engine/spec/requests/api/v1/items/items_request_spec.rb": [
        1,
        null,
        1,
        1,
        1,
        1,
        null,
        1,
        null,
        1,
        1,
        null,
        1,
        null,
        null,
        1,
        1,
        1,
        null,
        1,
        null,
        1,
        null,
        1,
        1,
        null,
        null
      ],
      "/Users/mattweiss/turing/mod3/projects/rails_engine/spec/requests/api/v1/merchants/merchants_business_spec.rb": [
        1,
        null,
        1,
        1,
        null,
        1,
        null,
        1,
        null,
        null
      ],
      "/Users/mattweiss/turing/mod3/projects/rails_engine/spec/requests/api/v1/merchants/merchants_finder_spec.rb": [
        1,
        1,
        null,
        1,
        1,
        1,
        1,
        null,
        1,
        null,
        1,
        null,
        1,
        1,
        null,
        null,
        null,
        1,
        1,
        1,
        null,
        1,
        null,
        1,
        1,
        1,
        null,
        null,
        1,
        1,
        null,
        null,
        null,
        1,
        null,
        1,
        1,
        1,
        null,
        null,
        null,
        1,
        1,
        1,
        1,
        null,
        1,
        null,
        1,
        1,
        null,
        null
      ],
      "/Users/mattweiss/turing/mod3/projects/rails_engine/spec/requests/api/v1/merchants/merchants_request_spec.rb": [
        1,
        null,
        1,
        1,
        1,
        null,
        1,
        null,
        1,
        1,
        null,
        1,
        null,
        null,
        1,
        1,
        null,
        1,
        null,
        1,
        null,
        1,
        1,
        null,
        null
      ],
      "/Users/mattweiss/turing/mod3/projects/rails_engine/spec/requests/api/v1/transactions/transaction_request_spec.rb": [
        1,
        null,
        1,
        1,
        1,
        1,
        1,
        1,
        null,
        1,
        null,
        1,
        1,
        null,
        1,
        null,
        null,
        1,
        1,
        1,
        1,
        1,
        null,
        1,
        null,
        1,
        null,
        1,
        1,
        null,
        null
      ],
      "/Users/mattweiss/turing/mod3/projects/rails_engine/app/controllers/api/v1/customers/search_controller.rb": [
        1,
        null,
        1,
        1,
        null,
        null,
        1,
        3,
        null,
        null,
        1,
        null,
        1,
        4,
        null,
        null
      ],
      "/Users/mattweiss/turing/mod3/projects/rails_engine/app/controllers/application_controller.rb": [
        1,
        null
      ],
      "/Users/mattweiss/turing/mod3/projects/rails_engine/app/serializers/customer_serializer.rb": [
        1,
        1,
        1,
        null
      ],
      "/Users/mattweiss/turing/mod3/projects/rails_engine/app/controllers/api/v1/customers_controller.rb": [
        1,
        null,
        1,
        1,
        null,
        null,
        1,
        1,
        null,
        null,
        null,
        1,
        null,
        null
      ],
      "/Users/mattweiss/turing/mod3/projects/rails_engine/app/controllers/api/v1/invoice_items_controller.rb": [
        1,
        null,
        1,
        1,
        null,
        null,
        1,
        1,
        null,
        null,
        null,
        1,
        null,
        null
      ],
      "/Users/mattweiss/turing/mod3/projects/rails_engine/app/serializers/invoice_item_serializer.rb": [
        1,
        1,
        1,
        null,
        1,
        4,
        null,
        null
      ],
      "/Users/mattweiss/turing/mod3/projects/rails_engine/app/controllers/api/v1/invoices_controller.rb": [
        1,
        null,
        1,
        1,
        null,
        null,
        1,
        1,
        null,
        null,
        null,
        1,
        null,
        null
      ],
      "/Users/mattweiss/turing/mod3/projects/rails_engine/app/serializers/invoice_serializer.rb": [
        1,
        1,
        1,
        null
      ],
      "/Users/mattweiss/turing/mod3/projects/rails_engine/app/controllers/api/v1/items_controller.rb": [
        1,
        null,
        1,
        1,
        null,
        null,
        1,
        1,
        null,
        null,
        null,
        1,
        null,
        null,
        null
      ],
      "/Users/mattweiss/turing/mod3/projects/rails_engine/app/serializers/item_serializer.rb": [
        1,
        1,
        1,
        null,
        1,
        4,
        null,
        null
      ],
      "/Users/mattweiss/turing/mod3/projects/rails_engine/app/controllers/api/v1/merchants/most_revenue_controller.rb": [
        1,
        null,
        1,
        null,
        1,
        null,
        null,
        null,
        1,
        null,
        1,
        1,
        null,
        null
      ],
      "/Users/mattweiss/turing/mod3/projects/rails_engine/app/serializers/merchant_serializer.rb": [
        1,
        1,
        1,
        null
      ],
      "/Users/mattweiss/turing/mod3/projects/rails_engine/app/controllers/api/v1/merchants/search_controller.rb": [
        1,
        null,
        1,
        1,
        null,
        null,
        1,
        3,
        null,
        null,
        1,
        null,
        1,
        4,
        null,
        null
      ],
      "/Users/mattweiss/turing/mod3/projects/rails_engine/app/controllers/api/v1/merchants_controller.rb": [
        1,
        null,
        1,
        1,
        null,
        null,
        1,
        1,
        null,
        null,
        null,
        1,
        null,
        null
      ],
      "/Users/mattweiss/turing/mod3/projects/rails_engine/app/controllers/api/v1/transactions_controller.rb": [
        1,
        null,
        1,
        1,
        null,
        null,
        1,
        1,
        null,
        null,
        null,
        1,
        null,
        null
      ],
      "/Users/mattweiss/turing/mod3/projects/rails_engine/app/serializers/transaction_serializer.rb": [
        1,
        1,
        1,
        null
      ]
    },
    "timestamp": 1557077958
  }
}
